::1 - - [05/Dec/2019:08:41:10 +0000] "POST /checklogin HTTP/1.1" 401 50 "http://localhost:2812/" "Mozilla/5.0 (Windows NT 10.0; Win64; x64) AppleWebKit/537.36 (KHTML, like Gecko) Chrome/78.0.3904.108 Safari/537.36"
::1 - - [05/Dec/2019:08:42:58 +0000] "POST /login HTTP/1.1" 200 88 "http://localhost:2812/login" "Mozilla/5.0 (Windows NT 10.0; Win64; x64) AppleWebKit/537.36 (KHTML, like Gecko) Chrome/78.0.3904.108 Safari/537.36"
::1 - - [05/Dec/2019:08:47:34 +0000] "POST /getrecentorders HTTP/1.1" 500 1512 "http://localhost:2812/" "Mozilla/5.0 (Windows NT 10.0; Win64; x64) AppleWebKit/537.36 (KHTML, like Gecko) Chrome/78.0.3904.108 Safari/537.36"
::1 - - [05/Dec/2019:08:47:34 +0000] "POST /checklogin HTTP/1.1" 401 50 "http://localhost:2812/" "Mozilla/5.0 (Windows NT 10.0; Win64; x64) AppleWebKit/537.36 (KHTML, like Gecko) Chrome/78.0.3904.108 Safari/537.36"
::1 - - [05/Dec/2019:08:47:34 +0000] "POST /getrecentorders HTTP/1.1" 500 1512 "http://localhost:2812/" "Mozilla/5.0 (Windows NT 10.0; Win64; x64) AppleWebKit/537.36 (KHTML, like Gecko) Chrome/78.0.3904.108 Safari/537.36"
::1 - - [05/Dec/2019:08:47:52 +0000] "POST /login HTTP/1.1" 200 88 "http://localhost:2812/login" "Mozilla/5.0 (Windows NT 10.0; Win64; x64) AppleWebKit/537.36 (KHTML, like Gecko) Chrome/78.0.3904.108 Safari/537.36"
::1 - - [05/Dec/2019:08:47:53 +0000] "POST /getrecentorders HTTP/1.1" 500 1512 "http://localhost:2812/" "Mozilla/5.0 (Windows NT 10.0; Win64; x64) AppleWebKit/537.36 (KHTML, like Gecko) Chrome/78.0.3904.108 Safari/537.36"
::1 - - [05/Dec/2019:08:47:53 +0000] "POST /getrecentorders HTTP/1.1" 500 1512 "http://localhost:2812/" "Mozilla/5.0 (Windows NT 10.0; Win64; x64) AppleWebKit/537.36 (KHTML, like Gecko) Chrome/78.0.3904.108 Safari/537.36"
::1 - - [05/Dec/2019:08:49:10 +0000] "POST /getrecentorders HTTP/1.1" 500 1512 "http://localhost:2812/" "Mozilla/5.0 (Windows NT 10.0; Win64; x64) AppleWebKit/537.36 (KHTML, like Gecko) Chrome/78.0.3904.108 Safari/537.36"
::1 - - [05/Dec/2019:08:49:10 +0000] "POST /checklogin HTTP/1.1" 401 50 "http://localhost:2812/" "Mozilla/5.0 (Windows NT 10.0; Win64; x64) AppleWebKit/537.36 (KHTML, like Gecko) Chrome/78.0.3904.108 Safari/537.36"
::1 - - [05/Dec/2019:08:49:10 +0000] "POST /getrecentorders HTTP/1.1" 500 1512 "http://localhost:2812/" "Mozilla/5.0 (Windows NT 10.0; Win64; x64) AppleWebKit/537.36 (KHTML, like Gecko) Chrome/78.0.3904.108 Safari/537.36"
::1 - - [05/Dec/2019:08:49:57 +0000] "POST /login HTTP/1.1" 200 88 "http://localhost:2812/login" "Mozilla/5.0 (Windows NT 10.0; Win64; x64) AppleWebKit/537.36 (KHTML, like Gecko) Chrome/78.0.3904.108 Safari/537.36"
::1 - - [05/Dec/2019:08:49:58 +0000] "POST /getrecentorders HTTP/1.1" 500 1512 "http://localhost:2812/" "Mozilla/5.0 (Windows NT 10.0; Win64; x64) AppleWebKit/537.36 (KHTML, like Gecko) Chrome/78.0.3904.108 Safari/537.36"
::1 - - [05/Dec/2019:08:49:58 +0000] "POST /getrecentorders HTTP/1.1" 500 1512 "http://localhost:2812/" "Mozilla/5.0 (Windows NT 10.0; Win64; x64) AppleWebKit/537.36 (KHTML, like Gecko) Chrome/78.0.3904.108 Safari/537.36"
::1 - - [05/Dec/2019:08:50:30 +0000] "POST /checklogin HTTP/1.1" 401 50 "http://localhost:2812/" "Mozilla/5.0 (Windows NT 10.0; Win64; x64) AppleWebKit/537.36 (KHTML, like Gecko) Chrome/78.0.3904.108 Safari/537.36"
::1 - - [05/Dec/2019:08:50:30 +0000] "POST /getallfood HTTP/1.1" 400 44 "http://localhost:2812/" "Mozilla/5.0 (Windows NT 10.0; Win64; x64) AppleWebKit/537.36 (KHTML, like Gecko) Chrome/78.0.3904.108 Safari/537.36"
::1 - - [05/Dec/2019:08:50:30 +0000] "POST /getrecentorders HTTP/1.1" 400 37 "http://localhost:2812/" "Mozilla/5.0 (Windows NT 10.0; Win64; x64) AppleWebKit/537.36 (KHTML, like Gecko) Chrome/78.0.3904.108 Safari/537.36"
::1 - - [05/Dec/2019:08:50:30 +0000] "POST /getrecentorders HTTP/1.1" 400 37 "http://localhost:2812/" "Mozilla/5.0 (Windows NT 10.0; Win64; x64) AppleWebKit/537.36 (KHTML, like Gecko) Chrome/78.0.3904.108 Safari/537.36"
::1 - - [05/Dec/2019:08:50:39 +0000] "POST /login HTTP/1.1" 200 88 "http://localhost:2812/login" "Mozilla/5.0 (Windows NT 10.0; Win64; x64) AppleWebKit/537.36 (KHTML, like Gecko) Chrome/78.0.3904.108 Safari/537.36"
::1 - - [05/Dec/2019:08:50:39 +0000] "POST /getallfood HTTP/1.1" 400 44 "http://localhost:2812/" "Mozilla/5.0 (Windows NT 10.0; Win64; x64) AppleWebKit/537.36 (KHTML, like Gecko) Chrome/78.0.3904.108 Safari/537.36"
::1 - - [05/Dec/2019:08:50:39 +0000] "POST /getrecentorders HTTP/1.1" 400 37 "http://localhost:2812/" "Mozilla/5.0 (Windows NT 10.0; Win64; x64) AppleWebKit/537.36 (KHTML, like Gecko) Chrome/78.0.3904.108 Safari/537.36"
::1 - - [05/Dec/2019:08:50:39 +0000] "POST /getrecentorders HTTP/1.1" 400 37 "http://localhost:2812/" "Mozilla/5.0 (Windows NT 10.0; Win64; x64) AppleWebKit/537.36 (KHTML, like Gecko) Chrome/78.0.3904.108 Safari/537.36"
::1 - - [05/Dec/2019:08:50:40 +0000] "POST /getlocation HTTP/1.1" 200 38 "http://localhost:2812/" "Mozilla/5.0 (Windows NT 10.0; Win64; x64) AppleWebKit/537.36 (KHTML, like Gecko) Chrome/78.0.3904.108 Safari/537.36"
::1 - - [05/Dec/2019:08:50:40 +0000] "POST /getallfood HTTP/1.1" 200 1846 "http://localhost:2812/" "Mozilla/5.0 (Windows NT 10.0; Win64; x64) AppleWebKit/537.36 (KHTML, like Gecko) Chrome/78.0.3904.108 Safari/537.36"
::1 - - [05/Dec/2019:08:50:40 +0000] "POST /getrecentorders HTTP/1.1" 400 37 "http://localhost:2812/" "Mozilla/5.0 (Windows NT 10.0; Win64; x64) AppleWebKit/537.36 (KHTML, like Gecko) Chrome/78.0.3904.108 Safari/537.36"
::1 - - [05/Dec/2019:08:50:40 +0000] "POST /getlocation HTTP/1.1" 200 38 "http://localhost:2812/" "Mozilla/5.0 (Windows NT 10.0; Win64; x64) AppleWebKit/537.36 (KHTML, like Gecko) Chrome/78.0.3904.108 Safari/537.36"
::1 - - [05/Dec/2019:08:50:40 +0000] "POST /gethomecooks HTTP/1.1" 200 1389 "http://localhost:2812/" "Mozilla/5.0 (Windows NT 10.0; Win64; x64) AppleWebKit/537.36 (KHTML, like Gecko) Chrome/78.0.3904.108 Safari/537.36"
::1 - - [05/Dec/2019:08:50:44 +0000] "POST /gethomecooks HTTP/1.1" 200 1389 "http://localhost:2812/" "Mozilla/5.0 (Windows NT 10.0; Win64; x64) AppleWebKit/537.36 (KHTML, like Gecko) Chrome/78.0.3904.108 Safari/537.36"
::1 - - [05/Dec/2019:08:50:44 +0000] "POST /getallfood HTTP/1.1" 200 1846 "http://localhost:2812/" "Mozilla/5.0 (Windows NT 10.0; Win64; x64) AppleWebKit/537.36 (KHTML, like Gecko) Chrome/78.0.3904.108 Safari/537.36"
::1 - - [05/Dec/2019:08:50:44 +0000] "POST /getrecentorders HTTP/1.1" 400 37 "http://localhost:2812/" "Mozilla/5.0 (Windows NT 10.0; Win64; x64) AppleWebKit/537.36 (KHTML, like Gecko) Chrome/78.0.3904.108 Safari/537.36"
::1 - - [05/Dec/2019:08:55:41 +0000] "POST /checklogin HTTP/1.1" 401 50 "http://localhost:2812/" "Mozilla/5.0 (Windows NT 10.0; Win64; x64) AppleWebKit/537.36 (KHTML, like Gecko) Chrome/78.0.3904.108 Safari/537.36"
::1 - - [05/Dec/2019:08:55:42 +0000] "POST /getallfood HTTP/1.1" 400 44 "http://localhost:2812/" "Mozilla/5.0 (Windows NT 10.0; Win64; x64) AppleWebKit/537.36 (KHTML, like Gecko) Chrome/78.0.3904.108 Safari/537.36"
::1 - - [05/Dec/2019:08:55:42 +0000] "POST /getrecentorders HTTP/1.1" 400 37 "http://localhost:2812/" "Mozilla/5.0 (Windows NT 10.0; Win64; x64) AppleWebKit/537.36 (KHTML, like Gecko) Chrome/78.0.3904.108 Safari/537.36"
::1 - - [05/Dec/2019:08:55:42 +0000] "POST /getrecentorders HTTP/1.1" 400 37 "http://localhost:2812/" "Mozilla/5.0 (Windows NT 10.0; Win64; x64) AppleWebKit/537.36 (KHTML, like Gecko) Chrome/78.0.3904.108 Safari/537.36"
::1 - - [05/Dec/2019:08:55:52 +0000] "POST /login HTTP/1.1" 200 88 "http://localhost:2812/login" "Mozilla/5.0 (Windows NT 10.0; Win64; x64) AppleWebKit/537.36 (KHTML, like Gecko) Chrome/78.0.3904.108 Safari/537.36"
::1 - - [05/Dec/2019:08:55:52 +0000] "POST /getrecentorders HTTP/1.1" 400 37 "http://localhost:2812/" "Mozilla/5.0 (Windows NT 10.0; Win64; x64) AppleWebKit/537.36 (KHTML, like Gecko) Chrome/78.0.3904.108 Safari/537.36"
::1 - - [05/Dec/2019:08:55:52 +0000] "POST /getallfood HTTP/1.1" 400 44 "http://localhost:2812/" "Mozilla/5.0 (Windows NT 10.0; Win64; x64) AppleWebKit/537.36 (KHTML, like Gecko) Chrome/78.0.3904.108 Safari/537.36"
::1 - - [05/Dec/2019:08:55:52 +0000] "POST /getrecentorders HTTP/1.1" 400 37 "http://localhost:2812/" "Mozilla/5.0 (Windows NT 10.0; Win64; x64) AppleWebKit/537.36 (KHTML, like Gecko) Chrome/78.0.3904.108 Safari/537.36"
::1 - - [05/Dec/2019:08:55:52 +0000] "POST /getlocation HTTP/1.1" 200 38 "http://localhost:2812/" "Mozilla/5.0 (Windows NT 10.0; Win64; x64) AppleWebKit/537.36 (KHTML, like Gecko) Chrome/78.0.3904.108 Safari/537.36"
::1 - - [05/Dec/2019:08:55:53 +0000] "POST /getrecentorders HTTP/1.1" 400 37 "http://localhost:2812/" "Mozilla/5.0 (Windows NT 10.0; Win64; x64) AppleWebKit/537.36 (KHTML, like Gecko) Chrome/78.0.3904.108 Safari/537.36"
::1 - - [05/Dec/2019:08:55:53 +0000] "POST /getallfood HTTP/1.1" 200 1846 "http://localhost:2812/" "Mozilla/5.0 (Windows NT 10.0; Win64; x64) AppleWebKit/537.36 (KHTML, like Gecko) Chrome/78.0.3904.108 Safari/537.36"
::1 - - [05/Dec/2019:08:55:53 +0000] "POST /getlocation HTTP/1.1" 200 38 "http://localhost:2812/" "Mozilla/5.0 (Windows NT 10.0; Win64; x64) AppleWebKit/537.36 (KHTML, like Gecko) Chrome/78.0.3904.108 Safari/537.36"
::1 - - [05/Dec/2019:08:55:53 +0000] "POST /gethomecooks HTTP/1.1" 200 1389 "http://localhost:2812/" "Mozilla/5.0 (Windows NT 10.0; Win64; x64) AppleWebKit/537.36 (KHTML, like Gecko) Chrome/78.0.3904.108 Safari/537.36"
::1 - - [05/Dec/2019:08:55:57 +0000] "POST /profile HTTP/1.1" 200 217 "http://localhost:2812/profile" "Mozilla/5.0 (Windows NT 10.0; Win64; x64) AppleWebKit/537.36 (KHTML, like Gecko) Chrome/78.0.3904.108 Safari/537.36"
::1 - - [05/Dec/2019:22:04:51 +0000] "POST /checklogin HTTP/1.1" 401 50 "http://localhost:2098/" "Mozilla/5.0 (Windows NT 10.0; Win64; x64) AppleWebKit/537.36 (KHTML, like Gecko) Chrome/78.0.3904.108 Safari/537.36"
::1 - - [05/Dec/2019:22:05:48 +0000] "POST /login HTTP/1.1" 200 88 "http://localhost:2098/login" "Mozilla/5.0 (Windows NT 10.0; Win64; x64) AppleWebKit/537.36 (KHTML, like Gecko) Chrome/78.0.3904.108 Safari/537.36"
::1 - - [05/Dec/2019:22:05:49 +0000] "POST /getstatus HTTP/1.1" 200 52 "http://localhost:2098/" "Mozilla/5.0 (Windows NT 10.0; Win64; x64) AppleWebKit/537.36 (KHTML, like Gecko) Chrome/78.0.3904.108 Safari/537.36"
::1 - - [05/Dec/2019:22:06:18 +0000] "POST /profile HTTP/1.1" 200 242 "http://localhost:2098/profile" "Mozilla/5.0 (Windows NT 10.0; Win64; x64) AppleWebKit/537.36 (KHTML, like Gecko) Chrome/78.0.3904.108 Safari/537.36"
::1 - - [05/Dec/2019:22:06:24 +0000] "POST /getallorders HTTP/1.1" 400 37 "http://localhost:2098/orders" "Mozilla/5.0 (Windows NT 10.0; Win64; x64) AppleWebKit/537.36 (KHTML, like Gecko) Chrome/78.0.3904.108 Safari/537.36"
::1 - - [05/Dec/2019:22:08:54 +0000] "POST /logout HTTP/1.1" 200 44 "http://localhost:2098/orders" "Mozilla/5.0 (Windows NT 10.0; Win64; x64) AppleWebKit/537.36 (KHTML, like Gecko) Chrome/78.0.3904.108 Safari/537.36"
::1 - - [05/Dec/2019:22:08:55 +0000] "POST /getallorders HTTP/1.1" 400 37 "http://localhost:2098/orders" "Mozilla/5.0 (Windows NT 10.0; Win64; x64) AppleWebKit/537.36 (KHTML, like Gecko) Chrome/78.0.3904.108 Safari/537.36"
::1 - - [05/Dec/2019:22:09:13 +0000] "POST /login HTTP/1.1" 200 88 "http://localhost:2098/login" "Mozilla/5.0 (Windows NT 10.0; Win64; x64) AppleWebKit/537.36 (KHTML, like Gecko) Chrome/78.0.3904.108 Safari/537.36"
::1 - - [05/Dec/2019:22:09:14 +0000] "POST /getstatus HTTP/1.1" 200 52 "http://localhost:2098/" "Mozilla/5.0 (Windows NT 10.0; Win64; x64) AppleWebKit/537.36 (KHTML, like Gecko) Chrome/78.0.3904.108 Safari/537.36"
::1 - - [05/Dec/2019:22:09:23 +0000] "POST /profile HTTP/1.1" 200 242 "http://localhost:2098/profile" "Mozilla/5.0 (Windows NT 10.0; Win64; x64) AppleWebKit/537.36 (KHTML, like Gecko) Chrome/78.0.3904.108 Safari/537.36"
::1 - - [05/Dec/2019:22:09:24 +0000] "POST /getallorders HTTP/1.1" 400 37 "http://localhost:2098/orders" "Mozilla/5.0 (Windows NT 10.0; Win64; x64) AppleWebKit/537.36 (KHTML, like Gecko) Chrome/78.0.3904.108 Safari/537.36"
::1 - - [05/Dec/2019:22:09:26 +0000] "POST /getpastfoodcook HTTP/1.1" 200 350 "http://localhost:2098/addfood" "Mozilla/5.0 (Windows NT 10.0; Win64; x64) AppleWebKit/537.36 (KHTML, like Gecko) Chrome/78.0.3904.108 Safari/537.36"
::1 - - [05/Dec/2019:22:09:33 +0000] "POST /getpastfoodcook HTTP/1.1" 200 350 "http://localhost:2098/addfood" "Mozilla/5.0 (Windows NT 10.0; Win64; x64) AppleWebKit/537.36 (KHTML, like Gecko) Chrome/78.0.3904.108 Safari/537.36"
::1 - - [05/Dec/2019:22:11:16 +0000] "POST /setlocation HTTP/1.1" 200 41 "http://localhost:2098/" "Mozilla/5.0 (Windows NT 10.0; Win64; x64) AppleWebKit/537.36 (KHTML, like Gecko) Chrome/78.0.3904.108 Safari/537.36"
::1 - - [05/Dec/2019:22:11:17 +0000] "POST /getlocation HTTP/1.1" 200 38 "http://localhost:2098/" "Mozilla/5.0 (Windows NT 10.0; Win64; x64) AppleWebKit/537.36 (KHTML, like Gecko) Chrome/78.0.3904.108 Safari/537.36"
::1 - - [05/Dec/2019:22:11:17 +0000] "POST /getlocation HTTP/1.1" 200 38 "http://localhost:2098/" "Mozilla/5.0 (Windows NT 10.0; Win64; x64) AppleWebKit/537.36 (KHTML, like Gecko) Chrome/78.0.3904.108 Safari/537.36"
::1 - - [05/Dec/2019:22:11:20 +0000] "POST /profile HTTP/1.1" 200 242 "http://localhost:2098/profile" "Mozilla/5.0 (Windows NT 10.0; Win64; x64) AppleWebKit/537.36 (KHTML, like Gecko) Chrome/78.0.3904.108 Safari/537.36"
::1 - - [05/Dec/2019:22:11:38 +0000] "POST /getpastfoodcook HTTP/1.1" 200 350 "http://localhost:2098/addfood" "Mozilla/5.0 (Windows NT 10.0; Win64; x64) AppleWebKit/537.36 (KHTML, like Gecko) Chrome/78.0.3904.108 Safari/537.36"
::1 - - [05/Dec/2019:22:12:04 +0000] "POST /setlocation HTTP/1.1" 200 41 "http://localhost:2098/" "Mozilla/5.0 (Windows NT 10.0; Win64; x64) AppleWebKit/537.36 (KHTML, like Gecko) Chrome/78.0.3904.108 Safari/537.36"
::1 - - [05/Dec/2019:22:12:05 +0000] "POST /setlocation HTTP/1.1" 200 41 "http://localhost:2098/" "Mozilla/5.0 (Windows NT 10.0; Win64; x64) AppleWebKit/537.36 (KHTML, like Gecko) Chrome/78.0.3904.108 Safari/537.36"
::1 - - [05/Dec/2019:22:12:09 +0000] "POST /getlocation HTTP/1.1" 200 38 "http://localhost:2098/" "Mozilla/5.0 (Windows NT 10.0; Win64; x64) AppleWebKit/537.36 (KHTML, like Gecko) Chrome/78.0.3904.108 Safari/537.36"
::1 - - [05/Dec/2019:22:12:10 +0000] "POST /getlocation HTTP/1.1" 200 38 "http://localhost:2098/" "Mozilla/5.0 (Windows NT 10.0; Win64; x64) AppleWebKit/537.36 (KHTML, like Gecko) Chrome/78.0.3904.108 Safari/537.36"
::1 - - [05/Dec/2019:22:16:35 +0000] "POST /login HTTP/1.1" 401 50 "http://localhost:3198/login" "Mozilla/5.0 (Windows NT 10.0; Win64; x64) AppleWebKit/537.36 (KHTML, like Gecko) Chrome/78.0.3904.108 Safari/537.36"
::1 - - [05/Dec/2019:22:16:47 +0000] "POST /login HTTP/1.1" 200 88 "http://localhost:3198/login" "Mozilla/5.0 (Windows NT 10.0; Win64; x64) AppleWebKit/537.36 (KHTML, like Gecko) Chrome/78.0.3904.108 Safari/537.36"
::1 - - [05/Dec/2019:22:17:41 +0000] "POST /logout HTTP/1.1" 200 44 "http://localhost:3198/" "Mozilla/5.0 (Windows NT 10.0; Win64; x64) AppleWebKit/537.36 (KHTML, like Gecko) Chrome/78.0.3904.108 Safari/537.36"
::1 - - [05/Dec/2019:22:18:03 +0000] "POST /login HTTP/1.1" 200 88 "http://localhost:3198/login" "Mozilla/5.0 (Windows NT 10.0; Win64; x64) AppleWebKit/537.36 (KHTML, like Gecko) Chrome/78.0.3904.108 Safari/537.36"
::1 - - [05/Dec/2019:22:18:04 +0000] "POST /getlocation HTTP/1.1" 200 38 "http://localhost:3198/" "Mozilla/5.0 (Windows NT 10.0; Win64; x64) AppleWebKit/537.36 (KHTML, like Gecko) Chrome/78.0.3904.108 Safari/537.36"
::1 - - [05/Dec/2019:22:18:04 +0000] "POST /getallfood HTTP/1.1" 400 44 "http://localhost:3198/" "Mozilla/5.0 (Windows NT 10.0; Win64; x64) AppleWebKit/537.36 (KHTML, like Gecko) Chrome/78.0.3904.108 Safari/537.36"
::1 - - [05/Dec/2019:22:18:04 +0000] "POST /getrecentorders HTTP/1.1" 200 1312 "http://localhost:3198/" "Mozilla/5.0 (Windows NT 10.0; Win64; x64) AppleWebKit/537.36 (KHTML, like Gecko) Chrome/78.0.3904.108 Safari/537.36"
::1 - - [05/Dec/2019:22:18:04 +0000] "POST /getrecentorders HTTP/1.1" 200 1312 "http://localhost:3198/" "Mozilla/5.0 (Windows NT 10.0; Win64; x64) AppleWebKit/537.36 (KHTML, like Gecko) Chrome/78.0.3904.108 Safari/537.36"
::1 - - [05/Dec/2019:22:18:04 +0000] "POST /getlocation HTTP/1.1" 200 38 "http://localhost:3198/" "Mozilla/5.0 (Windows NT 10.0; Win64; x64) AppleWebKit/537.36 (KHTML, like Gecko) Chrome/78.0.3904.108 Safari/537.36"
::1 - - [05/Dec/2019:22:18:04 +0000] "POST /getrecentorders HTTP/1.1" 200 1312 "http://localhost:3198/" "Mozilla/5.0 (Windows NT 10.0; Win64; x64) AppleWebKit/537.36 (KHTML, like Gecko) Chrome/78.0.3904.108 Safari/537.36"
::1 - - [05/Dec/2019:22:18:04 +0000] "POST /getallfood HTTP/1.1" 200 2224 "http://localhost:3198/" "Mozilla/5.0 (Windows NT 10.0; Win64; x64) AppleWebKit/537.36 (KHTML, like Gecko) Chrome/78.0.3904.108 Safari/537.36"
::1 - - [05/Dec/2019:22:21:20 +0000] "POST /checklogin HTTP/1.1" 401 50 "http://localhost:3198/" "Mozilla/5.0 (Windows NT 10.0; Win64; x64) AppleWebKit/537.36 (KHTML, like Gecko) Chrome/78.0.3904.108 Safari/537.36"
::1 - - [05/Dec/2019:22:21:21 +0000] "POST /getrecentorders HTTP/1.1" 400 37 "http://localhost:3198/" "Mozilla/5.0 (Windows NT 10.0; Win64; x64) AppleWebKit/537.36 (KHTML, like Gecko) Chrome/78.0.3904.108 Safari/537.36"
::1 - - [05/Dec/2019:22:21:21 +0000] "POST /getrecentorders HTTP/1.1" 400 37 "http://localhost:3198/" "Mozilla/5.0 (Windows NT 10.0; Win64; x64) AppleWebKit/537.36 (KHTML, like Gecko) Chrome/78.0.3904.108 Safari/537.36"
::1 - - [05/Dec/2019:22:21:21 +0000] "POST /getallfood HTTP/1.1" 400 44 "http://localhost:3198/" "Mozilla/5.0 (Windows NT 10.0; Win64; x64) AppleWebKit/537.36 (KHTML, like Gecko) Chrome/78.0.3904.108 Safari/537.36"
::1 - - [05/Dec/2019:22:21:25 +0000] "POST /login HTTP/1.1" 200 88 "http://localhost:3198/login" "Mozilla/5.0 (Windows NT 10.0; Win64; x64) AppleWebKit/537.36 (KHTML, like Gecko) Chrome/78.0.3904.108 Safari/537.36"
::1 - - [05/Dec/2019:22:21:25 +0000] "POST /getrecentorders HTTP/1.1" 200 1312 "http://localhost:3198/" "Mozilla/5.0 (Windows NT 10.0; Win64; x64) AppleWebKit/537.36 (KHTML, like Gecko) Chrome/78.0.3904.108 Safari/537.36"
::1 - - [05/Dec/2019:22:21:25 +0000] "POST /getrecentorders HTTP/1.1" 200 1312 "http://localhost:3198/" "Mozilla/5.0 (Windows NT 10.0; Win64; x64) AppleWebKit/537.36 (KHTML, like Gecko) Chrome/78.0.3904.108 Safari/537.36"
::1 - - [05/Dec/2019:22:21:25 +0000] "POST /getallfood HTTP/1.1" 400 44 "http://localhost:3198/" "Mozilla/5.0 (Windows NT 10.0; Win64; x64) AppleWebKit/537.36 (KHTML, like Gecko) Chrome/78.0.3904.108 Safari/537.36"
::1 - - [05/Dec/2019:22:21:26 +0000] "POST /getlocation HTTP/1.1" 200 38 "http://localhost:3198/" "Mozilla/5.0 (Windows NT 10.0; Win64; x64) AppleWebKit/537.36 (KHTML, like Gecko) Chrome/78.0.3904.108 Safari/537.36"
::1 - - [05/Dec/2019:22:21:26 +0000] "POST /getlocation HTTP/1.1" 200 38 "http://localhost:3198/" "Mozilla/5.0 (Windows NT 10.0; Win64; x64) AppleWebKit/537.36 (KHTML, like Gecko) Chrome/78.0.3904.108 Safari/537.36"
::1 - - [05/Dec/2019:22:21:26 +0000] "POST /getrecentorders HTTP/1.1" 200 1312 "http://localhost:3198/" "Mozilla/5.0 (Windows NT 10.0; Win64; x64) AppleWebKit/537.36 (KHTML, like Gecko) Chrome/78.0.3904.108 Safari/537.36"
::1 - - [05/Dec/2019:22:21:26 +0000] "POST /getallfood HTTP/1.1" 200 2224 "http://localhost:3198/" "Mozilla/5.0 (Windows NT 10.0; Win64; x64) AppleWebKit/537.36 (KHTML, like Gecko) Chrome/78.0.3904.108 Safari/537.36"
::1 - - [05/Dec/2019:22:21:52 +0000] "POST /logout HTTP/1.1" 200 44 "http://localhost:3198/" "Mozilla/5.0 (Windows NT 10.0; Win64; x64) AppleWebKit/537.36 (KHTML, like Gecko) Chrome/78.0.3904.108 Safari/537.36"
::1 - - [05/Dec/2019:22:21:54 +0000] "POST /getrecentorders HTTP/1.1" 400 37 "http://localhost:3198/" "Mozilla/5.0 (Windows NT 10.0; Win64; x64) AppleWebKit/537.36 (KHTML, like Gecko) Chrome/78.0.3904.108 Safari/537.36"
::1 - - [05/Dec/2019:22:21:54 +0000] "POST /getrecentorders HTTP/1.1" 400 37 "http://localhost:3198/" "Mozilla/5.0 (Windows NT 10.0; Win64; x64) AppleWebKit/537.36 (KHTML, like Gecko) Chrome/78.0.3904.108 Safari/537.36"
::1 - - [05/Dec/2019:22:21:54 +0000] "POST /getallfood HTTP/1.1" 200 2224 "http://localhost:3198/" "Mozilla/5.0 (Windows NT 10.0; Win64; x64) AppleWebKit/537.36 (KHTML, like Gecko) Chrome/78.0.3904.108 Safari/537.36"
::1 - - [05/Dec/2019:22:21:54 +0000] "POST /getallfood HTTP/1.1" 200 2224 "http://localhost:3198/" "Mozilla/5.0 (Windows NT 10.0; Win64; x64) AppleWebKit/537.36 (KHTML, like Gecko) Chrome/78.0.3904.108 Safari/537.36"
::1 - - [05/Dec/2019:22:21:54 +0000] "POST /gethomecooks HTTP/1.1" 200 1662 "http://localhost:3198/" "Mozilla/5.0 (Windows NT 10.0; Win64; x64) AppleWebKit/537.36 (KHTML, like Gecko) Chrome/78.0.3904.108 Safari/537.36"
::1 - - [05/Dec/2019:22:21:54 +0000] "POST /gethomecooks HTTP/1.1" 200 1662 "http://localhost:3198/" "Mozilla/5.0 (Windows NT 10.0; Win64; x64) AppleWebKit/537.36 (KHTML, like Gecko) Chrome/78.0.3904.108 Safari/537.36"
::1 - - [05/Dec/2019:22:21:56 +0000] "POST /login HTTP/1.1" 200 88 "http://localhost:3198/login" "Mozilla/5.0 (Windows NT 10.0; Win64; x64) AppleWebKit/537.36 (KHTML, like Gecko) Chrome/78.0.3904.108 Safari/537.36"
::1 - - [05/Dec/2019:22:21:56 +0000] "POST /getrecentorders HTTP/1.1" 200 1312 "http://localhost:3198/" "Mozilla/5.0 (Windows NT 10.0; Win64; x64) AppleWebKit/537.36 (KHTML, like Gecko) Chrome/78.0.3904.108 Safari/537.36"
::1 - - [05/Dec/2019:22:21:56 +0000] "POST /getallfood HTTP/1.1" 200 2224 "http://localhost:3198/" "Mozilla/5.0 (Windows NT 10.0; Win64; x64) AppleWebKit/537.36 (KHTML, like Gecko) Chrome/78.0.3904.108 Safari/537.36"
::1 - - [05/Dec/2019:22:21:56 +0000] "POST /getrecentorders HTTP/1.1" 200 1312 "http://localhost:3198/" "Mozilla/5.0 (Windows NT 10.0; Win64; x64) AppleWebKit/537.36 (KHTML, like Gecko) Chrome/78.0.3904.108 Safari/537.36"
::1 - - [05/Dec/2019:22:21:56 +0000] "POST /gethomecooks HTTP/1.1" 200 1662 "http://localhost:3198/" "Mozilla/5.0 (Windows NT 10.0; Win64; x64) AppleWebKit/537.36 (KHTML, like Gecko) Chrome/78.0.3904.108 Safari/537.36"
::1 - - [05/Dec/2019:22:21:56 +0000] "POST /getallfood HTTP/1.1" 200 2224 "http://localhost:3198/" "Mozilla/5.0 (Windows NT 10.0; Win64; x64) AppleWebKit/537.36 (KHTML, like Gecko) Chrome/78.0.3904.108 Safari/537.36"
::1 - - [05/Dec/2019:22:21:56 +0000] "POST /gethomecooks HTTP/1.1" 200 1662 "http://localhost:3198/" "Mozilla/5.0 (Windows NT 10.0; Win64; x64) AppleWebKit/537.36 (KHTML, like Gecko) Chrome/78.0.3904.108 Safari/537.36"
::1 - - [05/Dec/2019:22:21:57 +0000] "POST /getlocation HTTP/1.1" 200 38 "http://localhost:3198/" "Mozilla/5.0 (Windows NT 10.0; Win64; x64) AppleWebKit/537.36 (KHTML, like Gecko) Chrome/78.0.3904.108 Safari/537.36"
::1 - - [05/Dec/2019:22:22:02 +0000] "POST /profile HTTP/1.1" 200 240 "http://localhost:3198/profile" "Mozilla/5.0 (Windows NT 10.0; Win64; x64) AppleWebKit/537.36 (KHTML, like Gecko) Chrome/78.0.3904.108 Safari/537.36"
::1 - - [05/Dec/2019:22:22:02 +0000] "POST /getpastfood HTTP/1.1" 200 704 "http://localhost:3198/profile" "Mozilla/5.0 (Windows NT 10.0; Win64; x64) AppleWebKit/537.36 (KHTML, like Gecko) Chrome/78.0.3904.108 Safari/537.36"
::1 - - [05/Dec/2019:22:26:19 +0000] "POST /logout HTTP/1.1" 200 44 "http://localhost:3198/favoriteHomecooks" "Mozilla/5.0 (Windows NT 10.0; Win64; x64) AppleWebKit/537.36 (KHTML, like Gecko) Chrome/78.0.3904.108 Safari/537.36"
::1 - - [05/Dec/2019:22:26:20 +0000] "POST /getrecentorders HTTP/1.1" 400 37 "http://localhost:3198/" "Mozilla/5.0 (Windows NT 10.0; Win64; x64) AppleWebKit/537.36 (KHTML, like Gecko) Chrome/78.0.3904.108 Safari/537.36"
::1 - - [05/Dec/2019:22:26:20 +0000] "POST /gethomecooks HTTP/1.1" 200 1662 "http://localhost:3198/" "Mozilla/5.0 (Windows NT 10.0; Win64; x64) AppleWebKit/537.36 (KHTML, like Gecko) Chrome/78.0.3904.108 Safari/537.36"
::1 - - [05/Dec/2019:22:26:20 +0000] "POST /getallfood HTTP/1.1" 200 2224 "http://localhost:3198/" "Mozilla/5.0 (Windows NT 10.0; Win64; x64) AppleWebKit/537.36 (KHTML, like Gecko) Chrome/78.0.3904.108 Safari/537.36"
::1 - - [05/Dec/2019:22:26:24 +0000] "POST /login HTTP/1.1" 200 88 "http://localhost:3198/login" "Mozilla/5.0 (Windows NT 10.0; Win64; x64) AppleWebKit/537.36 (KHTML, like Gecko) Chrome/78.0.3904.108 Safari/537.36"
::1 - - [05/Dec/2019:22:26:24 +0000] "POST /getrecentorders HTTP/1.1" 200 1312 "http://localhost:3198/" "Mozilla/5.0 (Windows NT 10.0; Win64; x64) AppleWebKit/537.36 (KHTML, like Gecko) Chrome/78.0.3904.108 Safari/537.36"
::1 - - [05/Dec/2019:22:26:24 +0000] "POST /getallfood HTTP/1.1" 200 2224 "http://localhost:3198/" "Mozilla/5.0 (Windows NT 10.0; Win64; x64) AppleWebKit/537.36 (KHTML, like Gecko) Chrome/78.0.3904.108 Safari/537.36"
::1 - - [05/Dec/2019:22:26:24 +0000] "POST /gethomecooks HTTP/1.1" 200 1662 "http://localhost:3198/" "Mozilla/5.0 (Windows NT 10.0; Win64; x64) AppleWebKit/537.36 (KHTML, like Gecko) Chrome/78.0.3904.108 Safari/537.36"
::1 - - [05/Dec/2019:22:26:24 +0000] "POST /gethomecooks HTTP/1.1" 200 1662 "http://localhost:3198/" "Mozilla/5.0 (Windows NT 10.0; Win64; x64) AppleWebKit/537.36 (KHTML, like Gecko) Chrome/78.0.3904.108 Safari/537.36"
::1 - - [05/Dec/2019:22:26:24 +0000] "POST /getrecentorders HTTP/1.1" 200 1312 "http://localhost:3198/" "Mozilla/5.0 (Windows NT 10.0; Win64; x64) AppleWebKit/537.36 (KHTML, like Gecko) Chrome/78.0.3904.108 Safari/537.36"
::1 - - [05/Dec/2019:22:26:24 +0000] "POST /getallfood HTTP/1.1" 200 2224 "http://localhost:3198/" "Mozilla/5.0 (Windows NT 10.0; Win64; x64) AppleWebKit/537.36 (KHTML, like Gecko) Chrome/78.0.3904.108 Safari/537.36"
::1 - - [05/Dec/2019:22:26:24 +0000] "POST /getlocation HTTP/1.1" 200 38 "http://localhost:3198/" "Mozilla/5.0 (Windows NT 10.0; Win64; x64) AppleWebKit/537.36 (KHTML, like Gecko) Chrome/78.0.3904.108 Safari/537.36"
::1 - - [05/Dec/2019:22:28:49 +0000] "POST /getcustomerorders HTTP/1.1" 200 468 "http://localhost:3198/orders" "Mozilla/5.0 (Windows NT 10.0; Win64; x64) AppleWebKit/537.36 (KHTML, like Gecko) Chrome/78.0.3904.108 Safari/537.36"
